# Simulation Progress Tracking File

# Column Details:
	# Step          : Simulation step number.
	# dT(s)         : Time elapsed for this specific step.
	# T(s)          : Total time since simulation start.
	# Ref event     : Index in the reference talbe of the selected event.
	# Ea(eV)        : Event activation energy barrier.
	# k_evt(ps-1)   : Rate constant of the selected event.
	# k_tot(ps-1)   : Total rate constant of all possible events at this step
	# E(eV)         : Energy of the system.

Step       dT(s)          T(s)           Ref event      Ea(eV)         k_evt(ps-1)    k_tot(ps-1)    E(eV)         
--------------------------------------------------------------------------------------------------------------
0          0.000000e+00   0.000000e+00                                                               -1.779447e+04 
1          1.615389e-23   1.615389e-23   4              2.092771e-01   1.197901e+09   1.438624e+10   -1.779448e+04 
2          3.485768e-24   1.963966e-23   3              2.092103e-01   1.200998e+09   1.557046e+10   -1.779448e+04 
3          6.037548e-24   2.567721e-23   3              2.092912e-01   1.197246e+09   1.676626e+10   -1.779448e+04 
4          4.948452e-23   7.516173e-23   3              2.093243e-01   1.195717e+09   1.676269e+10   -1.779448e+04 
5          4.493902e-23   1.201008e-22   4              2.092882e-01   1.197388e+09   1.676245e+10   -1.779448e+04 
6          1.120320e-22   2.321327e-22   3              2.092506e-01   1.199129e+09   1.795357e+10   -1.779448e+04 
7          1.320194e-24   2.334529e-22   3              2.093777e-01   1.193248e+09   1.556744e+10   -1.779448e+04 
8          1.132765e-23   2.447806e-22   3              2.093460e-01   1.194709e+09   1.555067e+10   -1.779448e+04 
9          1.107759e-22   3.555564e-22   4              2.092871e-01   1.197435e+09   1.435972e+10   -1.779448e+04 
10         1.938991e-22   5.494555e-22   4              2.093108e-01   1.196337e+09   1.435929e+10   -1.779448e+04 
11         5.161928e-23   6.010748e-22   3              2.092638e-01   1.198514e+09   1.556129e+10   -1.779448e+04 
12         2.605529e-23   6.271301e-22   3              2.092548e-01   1.198934e+09   1.436047e+10   -1.779448e+04 
13         3.096008e-23   6.580901e-22   3              2.093120e-01   1.196285e+09   1.794250e+10   -1.779448e+04 
14         6.049532e-23   7.185855e-22   4              2.092578e-01   1.198794e+09   1.557224e+10   -1.779448e+04 
15         5.343835e-23   7.720238e-22   3              2.093825e-01   1.193026e+09   1.674718e+10   -1.779448e+04 
16         4.684729e-23   8.188711e-22   4              2.092280e-01   1.200176e+09   1.677259e+10   -1.779448e+04 
17         1.044776e-22   9.233487e-22   4              2.093422e-01   1.194886e+09   1.794658e+10   -1.779448e+04 
18         1.170340e-23   9.350521e-22   4              2.093221e-01   1.195817e+09   1.436964e+10   -1.779448e+04 
19         9.745040e-23   1.032503e-21   3              2.093790e-01   1.193188e+09   1.676140e+10   -1.779448e+04 
20         4.830359e-24   1.037333e-21   4              2.092859e-01   1.197492e+09   1.677591e+10   -1.779448e+04 
21         6.975264e-24   1.044308e-21   3              2.094023e-01   1.192112e+09   1.675345e+10   -1.779448e+04 
22         2.084244e-23   1.065151e-21   4              2.093541e-01   1.194337e+09   1.796261e+10   -1.779448e+04 
23         1.096547e-23   1.076116e-21   4              2.094152e-01   1.191518e+09   1.915346e+10   -1.779448e+04 
24         5.744405e-23   1.133560e-21   4              2.092879e-01   1.197398e+09   1.795747e+10   -1.779448e+04 
25         4.180569e-23   1.175366e-21   3              2.092901e-01   1.197297e+09   1.436062e+10   -1.779448e+04 
26         4.600194e-23   1.221368e-21   4              2.093513e-01   1.194467e+09   1.555735e+10   -1.779448e+04 
27         8.635438e-23   1.307722e-21   3              2.092963e-01   1.197010e+09   1.318020e+10   -1.779448e+04 
28         2.005135e-23   1.327773e-21   4              2.092812e-01   1.197712e+09   1.675558e+10   -1.779448e+04 
29         1.943752e-24   1.329717e-21   4              2.092795e-01   1.197789e+09   1.914072e+10   -1.779448e+04 
30         5.664056e-24   1.335381e-21   3              2.092487e-01   1.199218e+09   1.915659e+10   -1.779448e+04 
31         3.992956e-23   1.375311e-21   4              2.092776e-01   1.197874e+09   1.796781e+10   -1.779448e+04 
32         6.349497e-23   1.438806e-21   3              2.094179e-01   1.191395e+09   1.916026e+10   -1.779448e+04 
33         2.948023e-23   1.468286e-21   3              2.090908e-01   1.206565e+09   1.680362e+10   -1.779448e+04 
34         7.723420e-23   1.545520e-21   3              2.093489e-01   1.194576e+09   1.677479e+10   -1.779448e+04 
